{"message":"crate `OperatingSystem` should have a snake case name","code":{"code":"non_snake_case","explanation":null},"level":"warning","spans":[{"file_name":"src/main.rs","byte_start":0,"byte_end":0,"line_start":1,"line_end":1,"column_start":1,"column_end":1,"is_primary":true,"text":[],"label":null,"suggested_replacement":null,"suggestion_applicability":null,"expansion":null}],"children":[{"message":"convert the identifier to snake case: `operating_system`","code":null,"level":"help","spans":[],"children":[],"rendered":null},{"message":"`#[warn(non_snake_case)]` on by default","code":null,"level":"note","spans":[],"children":[],"rendered":null}],"rendered":"\u001b[0m\u001b[1m\u001b[33mwarning\u001b[0m\u001b[0m\u001b[1m: crate `OperatingSystem` should have a snake case name\u001b[0m\n\u001b[0m  \u001b[0m\u001b[0m\u001b[1m\u001b[38;5;12m|\u001b[0m\n\u001b[0m  \u001b[0m\u001b[0m\u001b[1m\u001b[38;5;12m= \u001b[0m\u001b[0m\u001b[1mhelp\u001b[0m\u001b[0m: convert the identifier to snake case: `operating_system`\u001b[0m\n\u001b[0m  \u001b[0m\u001b[0m\u001b[1m\u001b[38;5;12m= \u001b[0m\u001b[0m\u001b[1mnote\u001b[0m\u001b[0m: `#[warn(non_snake_case)]` on by default\u001b[0m\n\n"}
{"message":"linking with `cc` failed: exit status: 1","code":null,"level":"error","spans":[],"children":[{"message":"env -u IPHONEOS_DEPLOYMENT_TARGET -u TVOS_DEPLOYMENT_TARGET LC_ALL=\"C\" PATH=\"/Users/ranjanshahajishitole/.rustup/toolchains/stable-aarch64-apple-darwin/lib/rustlib/aarch64-apple-darwin/bin:/Library/Frameworks/Python.framework/Versions/3.12/bin:/opt/homebrew/bin:/opt/homebrew/sbin:/usr/local/bin:/System/Cryptexes/App/usr/bin:/usr/bin:/bin:/usr/sbin:/sbin:/usr/local/go/bin:/Library/Apple/usr/bin:/var/run/com.apple.security.cryptexd/codex.system/bootstrap/usr/local/bin:/var/run/com.apple.security.cryptexd/codex.system/bootstrap/usr/bin:/var/run/com.apple.security.cryptexd/codex.system/bootstrap/usr/appleinternal/bin:/opt/anaconda3/bin:/opt/anaconda3/condabin:/Library/Frameworks/Python.framework/Versions/3.12/bin:/opt/homebrew/bin:/opt/homebrew/sbin:/Users/ranjanshahajishitole/.cargo/bin:/Users/ranjanshahajishitole/go/bin:/Users/ranjanshahajishitole/go/bin:/usr/local/go/bin\" VSLANG=\"1033\" ZERO_AR_DATE=\"1\" \"cc\" \"-arch\" \"arm64\" \"/var/folders/yx/fbqgtypx3wz76xxzks5ywwh80000gn/T/rustcF7BSVN/symbols.o\" \"/Users/ranjanshahajishitole/Desktop/Operating-System-Rust/OperatingSystem/target/debug/deps/OperatingSystem-2111cdc17e6606a8.4vhqtz14ie6ybulg.rcgu.o\" \"-L\" \"/Users/ranjanshahajishitole/Desktop/Operating-System-Rust/OperatingSystem/target/debug/deps\" \"-L\" \"/Users/ranjanshahajishitole/.rustup/toolchains/stable-aarch64-apple-darwin/lib/rustlib/aarch64-apple-darwin/lib\" \"/Users/ranjanshahajishitole/.rustup/toolchains/stable-aarch64-apple-darwin/lib/rustlib/aarch64-apple-darwin/lib/librustc_std_workspace_core-3b6c10a2acaa607f.rlib\" \"/Users/ranjanshahajishitole/.rustup/toolchains/stable-aarch64-apple-darwin/lib/rustlib/aarch64-apple-darwin/lib/libcore-2447397acf63b01e.rlib\" \"/Users/ranjanshahajishitole/.rustup/toolchains/stable-aarch64-apple-darwin/lib/rustlib/aarch64-apple-darwin/lib/libcompiler_builtins-5816c590a0da89c2.rlib\" \"-L\" \"/Users/ranjanshahajishitole/.rustup/toolchains/stable-aarch64-apple-darwin/lib/rustlib/aarch64-apple-darwin/lib\" \"-o\" \"/Users/ranjanshahajishitole/Desktop/Operating-System-Rust/OperatingSystem/target/debug/deps/OperatingSystem-2111cdc17e6606a8\" \"-Wl,-dead_strip\" \"-nodefaultlibs\"","code":null,"level":"note","spans":[],"children":[],"rendered":null},{"message":"ld: entry point (_main) undefined. for architecture arm64\nclang: error: linker command failed with exit code 1 (use -v to see invocation)\n","code":null,"level":"note","spans":[],"children":[],"rendered":null}],"rendered":"\u001b[0m\u001b[1m\u001b[38;5;9merror\u001b[0m\u001b[0m\u001b[1m: linking with `cc` failed: exit status: 1\u001b[0m\n\u001b[0m  \u001b[0m\u001b[0m\u001b[1m\u001b[38;5;12m|\u001b[0m\n\u001b[0m  \u001b[0m\u001b[0m\u001b[1m\u001b[38;5;12m= \u001b[0m\u001b[0m\u001b[1mnote\u001b[0m\u001b[0m: env -u IPHONEOS_DEPLOYMENT_TARGET -u TVOS_DEPLOYMENT_TARGET LC_ALL=\"C\" PATH=\"/Users/ranjanshahajishitole/.rustup/toolchains/stable-aarch64-apple-darwin/lib/rustlib/aarch64-apple-darwin/bin:/Library/Frameworks/Python.framework/Versions/3.12/bin:/opt/homebrew/bin:/opt/homebrew/sbin:/usr/local/bin:/System/Cryptexes/App/usr/bin:/usr/bin:/bin:/usr/sbin:/sbin:/usr/local/go/bin:/Library/Apple/usr/bin:/var/run/com.apple.security.cryptexd/codex.system/bootstrap/usr/local/bin:/var/run/com.apple.security.cryptexd/codex.system/bootstrap/usr/bin:/var/run/com.apple.security.cryptexd/codex.system/bootstrap/usr/appleinternal/bin:/opt/anaconda3/bin:/opt/anaconda3/condabin:/Library/Frameworks/Python.framework/Versions/3.12/bin:/opt/homebrew/bin:/opt/homebrew/sbin:/Users/ranjanshahajishitole/.cargo/bin:/Users/ranjanshahajishitole/go/bin:/Users/ranjanshahajishitole/go/bin:/usr/local/go/bin\" VSLANG=\"1033\" ZERO_AR_DATE=\"1\" \"cc\" \"-arch\" \"arm64\" \"/var/folders/yx/fbqgtypx3wz76xxzks5ywwh80000gn/T/rustcF7BSVN/symbols.o\" \"/Users/ranjanshahajishitole/Desktop/Operating-System-Rust/OperatingSystem/target/debug/deps/OperatingSystem-2111cdc17e6606a8.4vhqtz14ie6ybulg.rcgu.o\" \"-L\" \"/Users/ranjanshahajishitole/Desktop/Operating-System-Rust/OperatingSystem/target/debug/deps\" \"-L\" \"/Users/ranjanshahajishitole/.rustup/toolchains/stable-aarch64-apple-darwin/lib/rustlib/aarch64-apple-darwin/lib\" \"/Users/ranjanshahajishitole/.rustup/toolchains/stable-aarch64-apple-darwin/lib/rustlib/aarch64-apple-darwin/lib/librustc_std_workspace_core-3b6c10a2acaa607f.rlib\" \"/Users/ranjanshahajishitole/.rustup/toolchains/stable-aarch64-apple-darwin/lib/rustlib/aarch64-apple-darwin/lib/libcore-2447397acf63b01e.rlib\" \"/Users/ranjanshahajishitole/.rustup/toolchains/stable-aarch64-apple-darwin/lib/rustlib/aarch64-apple-darwin/lib/libcompiler_builtins-5816c590a0da89c2.rlib\" \"-L\" \"/Users/ranjanshahajishitole/.rustup/toolchains/stable-aarch64-apple-darwin/lib/rustlib/aarch64-apple-darwin/lib\" \"-o\" \"/Users/ranjanshahajishitole/Desktop/Operating-System-Rust/OperatingSystem/target/debug/deps/OperatingSystem-2111cdc17e6606a8\" \"-Wl,-dead_strip\" \"-nodefaultlibs\"\u001b[0m\n\u001b[0m  \u001b[0m\u001b[0m\u001b[1m\u001b[38;5;12m= \u001b[0m\u001b[0m\u001b[1mnote\u001b[0m\u001b[0m: ld: entry point (_main) undefined. for architecture arm64\u001b[0m\n\u001b[0m          clang: error: linker command failed with exit code 1 (use -v to see invocation)\u001b[0m\n\u001b[0m          \u001b[0m\n\n"}
{"message":"aborting due to previous error; 1 warning emitted","code":null,"level":"error","spans":[],"children":[],"rendered":"\u001b[0m\u001b[1m\u001b[38;5;9merror\u001b[0m\u001b[0m\u001b[1m: aborting due to previous error; 1 warning emitted\u001b[0m\n\n"}
